[14:55:00] [REI-ReloadPlugins/ERROR] [REI] Failed to collect creative tab: net.minecraft.world.item.CreativeModeTab@5d1a559b
net.minecraftforge.fml.ModLoadingException: Fabric Item Group API (v1) (fabric_item_group_api_v1) encountered an error during the done event phase
ยง7java.util.ConcurrentModificationException: null
	at LAYER PLUGIN/fml_language_java@47.1.47/net.minecraftforge.fml.javafmlmod.FMLModContainer.acceptEvent(FMLModContainer.java:111)
	at LAYER PLUGIN/fml_core@47.1.47/net.minecraftforge.fml.ModLoader.lambda$postEvent$29(ModLoader.java:326)
	at java.base/java.lang.Iterable.forEach(Iterable.java:75)
	at LAYER PLUGIN/fml_core@47.1.47/net.minecraftforge.fml.ModList.forEachModInOrder(ModList.java:227)
	at LAYER PLUGIN/fml_core@47.1.47/net.minecraftforge.fml.ModLoader.postEvent(ModLoader.java:326)
	at TRANSFORMER/forge@47.1.91/net.minecraftforge.client.ForgeHooksClient.onCreativeModeTabBuildContents(ForgeHooksClient.java:1212)
	at TRANSFORMER/roughlyenoughitems@12.0.684/me.shedaniel.rei.impl.client.forge.CreativeModeTabCollectorImpl.collectTabs(CreativeModeTabCollectorImpl.java:54)
	at java.base/jdk.internal.reflect.NativeMethodAccessorImpl.invoke0(Native Method)
	at java.base/jdk.internal.reflect.NativeMethodAccessorImpl.invoke(NativeMethodAccessorImpl.java:77)
	at java.base/jdk.internal.reflect.DelegatingMethodAccessorImpl.invoke(DelegatingMethodAccessorImpl.java:43)
	at java.base/java.lang.reflect.Method.invoke(Method.java:568)
	at TRANSFORMER/roughlyenoughitems@12.0.684/me.shedaniel.rei.plugin.client.DefaultClientPlugin.collectTabs(DefaultClientPlugin.java:174)
	at TRANSFORMER/roughlyenoughitems@12.0.684/me.shedaniel.rei.plugin.client.DefaultClientPlugin.registerEntries(DefaultClientPlugin.java:135)
	at TRANSFORMER/roughlyenoughitems@12.0.684/me.shedaniel.rei.impl.common.entry.type.EntryRegistryImpl.acceptPlugin(EntryRegistryImpl.java:69)
	at TRANSFORMER/roughlyenoughitems@12.0.684/me.shedaniel.rei.impl.common.entry.type.EntryRegistryImpl.acceptPlugin(EntryRegistryImpl.java:51)
	at TRANSFORMER/roughlyenoughitems@12.0.684/me.shedaniel.rei.api.common.registry.Reloadable.acceptPlugin(Reloadable.java:78)
	at TRANSFORMER/roughlyenoughitems@12.0.684/me.shedaniel.rei.impl.common.plugins.PluginManagerImpl.lambda$startReload$9(PluginManagerImpl.java:417)
	at TRANSFORMER/roughlyenoughitems@12.0.684/me.shedaniel.rei.impl.common.plugins.PluginManagerImpl.lambda$pluginSection$4(PluginManagerImpl.java:199)
	at TRANSFORMER/roughlyenoughitems@12.0.684/me.shedaniel.rei.impl.common.plugins.PluginManagerImpl.lambda$startReload$10(PluginManagerImpl.java:407)
	at TRANSFORMER/roughlyenoughitems@12.0.684/me.shedaniel.rei.impl.common.plugins.PluginManagerImpl.pluginSection(PluginManagerImpl.java:197)
	at TRANSFORMER/roughlyenoughitems@12.0.684/me.shedaniel.rei.impl.common.plugins.PluginManagerImpl.startReload(PluginManagerImpl.java:405)
	at TRANSFORMER/roughlyenoughitems@12.0.684/me.shedaniel.rei.RoughlyEnoughItemsCore._reloadPlugins(RoughlyEnoughItemsCore.java:162)
	at TRANSFORMER/roughlyenoughitems@12.0.684/me.shedaniel.rei.RoughlyEnoughItemsCoreClient.lambda$reloadPlugins$25(RoughlyEnoughItemsCoreClient.java:485)
	at java.base/java.util.concurrent.CompletableFuture$AsyncRun.run(CompletableFuture.java:1804)
	at java.base/java.util.concurrent.Executors$RunnableAdapter.call(Executors.java:539)
	at java.base/java.util.concurrent.FutureTask.run(FutureTask.java:264)
	at java.base/java.util.concurrent.ScheduledThreadPoolExecutor$ScheduledFutureTask.run(ScheduledThreadPoolExecutor.java:304)
	at java.base/java.util.concurrent.ThreadPoolExecutor.runWorker(ThreadPoolExecutor.java:1136)
	at java.base/java.util.concurrent.ThreadPoolExecutor$Worker.run(ThreadPoolExecutor.java:635)
	at java.base/java.lang.Thread.run(Thread.java:833)
Caused by: java.util.ConcurrentModificationException
	at TRANSFORMER/forge@47.1.91/net.minecraftforge.common.util.MutableHashedLinkedMap$1.remove(MutableHashedLinkedMap.java:172)
	at TRANSFORMER/fabric_item_group_api_v1@4.0.11+9801bf5177/net.fabricmc.fabric.impl.itemgroup.ItemGroupEventsImpl.onCreativeModeTabBuildContents(ItemGroupEventsImpl.java:90)
	at MC-BOOTSTRAP/net.minecraftforge.eventbus/net.minecraftforge.eventbus.EventBus.doCastFilter(EventBus.java:260)
	at MC-BOOTSTRAP/net.minecraftforge.eventbus/net.minecraftforge.eventbus.EventBus.lambda$addListener$11(EventBus.java:252)
	at MC-BOOTSTRAP/net.minecraftforge.eventbus/net.minecraftforge.eventbus.EventBus.post(EventBus.java:315)
	at MC-BOOTSTRAP/net.minecraftforge.eventbus/net.minecraftforge.eventbus.EventBus.post(EventBus.java:296)
	at LAYER PLUGIN/fml_language_java@47.1.47/net.minecraftforge.fml.javafmlmod.FMLModContainer.acceptEvent(FMLModContainer.java:107)
	... 29 more
[14:55:04] [REI-ReloadPlugins/ERROR] [REI] Creating unregistered recipe transfer handler, this is experimental!!: minecraft:plugins/crafting class org.violetmoon.quark.addons.oddities.inventory.BackpackMenu
